\BOOKMARK [1][-]{section*.2}{\376\377\000\111\000\156\000\164\000\162\000\157\000\144\000\165\000\143\000\164\000\151\000\157\000\156}{}% 1
\BOOKMARK [1][-]{section*.3}{\376\377\000\115\000\145\000\164\000\150\000\157\000\144}{}% 2
\BOOKMARK [2][-]{section*.4}{\376\377\000\124\000\162\000\141\000\156\000\163\000\154\000\141\000\164\000\151\000\157\000\156}{section*.3}% 3
\BOOKMARK [2][-]{section*.5}{\376\377\000\122\000\157\000\164\000\141\000\164\000\151\000\157\000\156}{section*.3}% 4
\BOOKMARK [2][-]{section*.6}{\376\377\000\123\000\150\000\145\000\141\000\162\000\040\000\157\000\160\000\145\000\162\000\141\000\164\000\151\000\157\000\156\000\163}{section*.3}% 5
\BOOKMARK [2][-]{section*.7}{\376\377\000\123\000\155\000\157\000\157\000\164\000\150\000\151\000\156\000\147}{section*.3}% 6
\BOOKMARK [2][-]{section*.8}{\376\377\000\123\000\150\000\141\000\162\000\160\000\145\000\156\000\151\000\156\000\147}{section*.3}% 7
\BOOKMARK [2][-]{section*.9}{\376\377\000\107\000\141\000\155\000\155\000\141\000\040\000\143\000\157\000\162\000\162\000\145\000\143\000\164\000\151\000\157\000\156}{section*.3}% 8
\BOOKMARK [2][-]{section*.10}{\376\377\000\110\000\151\000\163\000\164\000\157\000\147\000\162\000\141\000\155\000\040\000\145\000\156\000\150\000\141\000\156\000\143\000\145\000\155\000\145\000\156\000\164}{section*.3}% 9
\BOOKMARK [1][-]{section*.11}{\376\377\000\122\000\145\000\163\000\165\000\154\000\164\000\163}{}% 10
\BOOKMARK [2][-]{section*.12}{\376\377\000\124\000\162\000\141\000\156\000\163\000\154\000\141\000\164\000\151\000\157\000\156}{section*.11}% 11
\BOOKMARK [2][-]{section*.13}{\376\377\000\122\000\157\000\164\000\141\000\164\000\151\000\157\000\156}{section*.11}% 12
\BOOKMARK [2][-]{section*.14}{\376\377\000\123\000\150\000\145\000\141\000\162\000\040\000\157\000\160\000\145\000\162\000\141\000\164\000\151\000\157\000\156\000\163}{section*.11}% 13
\BOOKMARK [2][-]{section*.15}{\376\377\000\123\000\155\000\157\000\157\000\164\000\150\000\151\000\156\000\147}{section*.11}% 14
\BOOKMARK [2][-]{section*.16}{\376\377\000\123\000\150\000\141\000\162\000\160\000\145\000\156\000\151\000\156\000\147}{section*.11}% 15
\BOOKMARK [2][-]{section*.17}{\376\377\000\107\000\141\000\155\000\155\000\141\000\040\000\143\000\157\000\162\000\162\000\145\000\143\000\164\000\151\000\157\000\156}{section*.11}% 16
\BOOKMARK [2][-]{section*.18}{\376\377\000\110\000\151\000\163\000\164\000\157\000\147\000\162\000\141\000\155\000\040\000\145\000\156\000\150\000\141\000\156\000\143\000\145\000\155\000\145\000\156\000\164}{section*.11}% 17
\BOOKMARK [1][-]{section*.19}{\376\377\000\104\000\151\000\163\000\143\000\165\000\163\000\163\000\151\000\157\000\156}{}% 18
\BOOKMARK [1][-]{section*.20}{\376\377\000\122\000\145\000\146\000\145\000\162\000\145\000\156\000\143\000\145}{}% 19
\BOOKMARK [1][-]{section*.21}{\376\377\000\123\000\165\000\160\000\160\000\154\000\145\000\155\000\145\000\156\000\164\000\141\000\162\000\171}{}% 20
